call_data["filter"].items() = dict_items([
('acvalue', functools.partial(<function works.acvalue at 0x10826f4c0>, recommend=[4, 5, 6, 7, 8, 9, 10])),
 ('coldns', functools.partial(<function works.coldns at 0x10826fe20>, recommend=2.9, Lever=[28, 24, 4, 19, 9, 30, 23, 31, 29, 5, 26, 15, 16, 13, 27])),
  ('duplicates', functools.partial(<function works.duplicates at 0x10826f600>, recommend=[1, 2, 3, 0], Last=[2, 9, 12, 22, 25, 33])),
   ('dx16', functools.partial(<function works.dx16 at 0x10826fce0>, recommend=[4])), 
   ('dzx', functools.partial(<function works.dzx at 0x10826f420>, recommend=[0, 1, 2, 3, 4])),
    ('jmsht', functools.partial(<function works.jmsht at 0x10826f380>, recommend=[4, 3])), 
    ('lianhao', functools.partial(<function works.lianhao at 0x10826f740>, recommend=[0, 1, 2, 3, 4])),
     ('linma', functools.partial(<function works.linma at 0x10826f560>, recommend=[1, 2, 3, 0], Last=[2, 9, 12, 22, 25, 33])), 
     ('mod2', functools.partial(<function works.mod2 at 0x10826f7e0>, recommend=[2, 3, 4])),
      ('mod3', functools.partial(<function works.mod3 at 0x10826f880>, recommend=[0, 1, 2, 3, 4])),
       ('mod4', functools.partial(<function works.mod4 at 0x10826f920>, recommend=[0, 1, 2, 3])), 
       ('mod5', functools.partial(<function works.mod5 at 0x10826f9c0>, recommend=[0, 1, 2, 3])), 
       ('mod6', functools.partial(<function works.mod6 at 0x10826fa60>, recommend=[0, 1, 2, 3])), 
       ('mod7', functools.partial(<function works.mod7 at 0x10826fb00>, recommend=[0, 1, 2])), 
       ('mod8', functools.partial(<function works.mod8 at 0x10826fba0>, recommend=[0, 1, 2])), 
       ('mod9', functools.partial(<function works.mod9 at 0x10826fc40>, recommend=[0, 1, 2])), 
       ('onesixdiff', functools.partial(<function works.onesixdiff at 0x10826fec0>, recommend=11.09)),
        ('sixlan', functools.partial(<function works.sixlan at 0x10826f6a0>, recommend=[29, 171])),
         ('zhihe', functools.partial(<function works.zhihe at 0x10826fd80>, recommend=[1, 2, 3, 4]))])